2022-09-01 11:07:27,947  INFO [TestNG-tests-1] TestBase:44 - Message: Login Page class - Before method execution
2022-09-01 11:07:37,787  INFO [TestNG-tests-1] TestBase:44 - Message: Validating the login page titie
2022-09-01 11:07:37,795  INFO [TestNG-tests-1] TestBase:44 - Message: Take sceenshot in case of failue and close browser
2022-09-01 11:07:38,456  INFO [TestNG-tests-1] TestBase:44 - Message: Login Page class - Before method execution
2022-09-01 11:07:45,971  INFO [TestNG-tests-1] TestBase:44 - Message: Validating OrangeHRM logo image
2022-09-01 11:07:46,006  INFO [TestNG-tests-1] TestBase:44 - Message: Take sceenshot in case of failue and close browser
2022-09-01 11:07:47,011  INFO [TestNG-tests-1] TestBase:44 - Message: Login Page class - Before method execution
2022-09-01 11:07:56,826  INFO [TestNG-tests-1] TestBase:44 - Message: Login to OrangeHRM app
2022-09-01 11:07:56,827  INFO [TestNG-tests-1] TestBase:44 - Message: Login using username as: Admin and password as: admin123
2022-09-01 11:07:56,933  INFO [TestNG-tests-1] TestBase:44 - Message: Validating login is successfull by checking dashboard page title
2022-09-01 11:07:56,936  INFO [TestNG-tests-1] TestBase:44 - Message: <b><font color='Purple'> Verifying Login successful. Screenshot attached below:</font><b>
2022-09-01 11:07:57,120  INFO [TestNG-tests-1] TestBase:44 - Message: Take sceenshot in case of failue and close browser
2022-09-01 11:07:57,854 DEBUG [main] cache:45 - Couldn't find template in cache for "Extent.ftl"("en_US", UTF-8, parsed); will try to load it.
2022-09-01 11:07:57,856 DEBUG [main] cache:45 - TemplateLoader.findTemplateSource("Extent_en_US.ftl"): Not found
2022-09-01 11:07:57,857 DEBUG [main] cache:45 - TemplateLoader.findTemplateSource("Extent_en.ftl"): Not found
2022-09-01 11:07:57,857 DEBUG [main] cache:45 - TemplateLoader.findTemplateSource("Extent.ftl"): Found
2022-09-01 11:07:57,858 DEBUG [main] cache:45 - Loading template for "Extent.ftl"("en_US", UTF-8, parsed) from "jar:file:/C:/Users/rabn/.m2/repository/com/relevantcodes/extentreports/2.41.2/extentreports-2.41.2.jar!/com/relevantcodes/extentreports/view/Extent.ftl"
2022-09-01 11:07:57,961 ERROR [main] runtime:60 - Error executing FreeMarker template
FreeMarker template error:
The following has evaluated to null or missing:
==> report.systemInfoMap[info]  [in template "Extent.ftl" at line 193, column 95]

----
Tip: It's the final [] step that caused this error, not those before it.
----
Tip: If the failing expression is known to be legally refer to something that's sometimes null or missing, either specify a default value like myOptionalVar!myDefault, or use <#if myOptionalVar??>when-present<#else>when-missing</#if>. (These only cover the last step of the expression; to cover the whole expression, use parenthesis: (myOptionalVar.foo)!myDefault, (myOptionalVar.foo)??
----
----
FTL stack trace ("~" means nesting-related):
	- Failed at: ${report.systemInfoMap[info]}  [in template "Extent.ftl" at line 193, column 93]

----
Java stack trace (for programmers):
----
freemarker.core.InvalidReferenceException: [... Exception message was already printed; see it above ...]
	at freemarker.core.InvalidReferenceException.getInstance(InvalidReferenceException.java:131)
	at freemarker.core.EvalUtil.coerceModelToString(EvalUtil.java:355)
	at freemarker.core.Expression.evalAndCoerceToString(Expression.java:82)
	at freemarker.core.DollarVariable.accept(DollarVariable.java:41)
	at freemarker.core.Environment.visit(Environment.java:324)
	at freemarker.core.MixedContent.accept(MixedContent.java:54)
	at freemarker.core.Environment.visitByHiddingParent(Environment.java:345)
	at freemarker.core.IteratorBlock$IterationContext.executeNestedBlockInner(IteratorBlock.java:240)
	at freemarker.core.IteratorBlock$IterationContext.executeNestedBlock(IteratorBlock.java:220)
	at freemarker.core.IteratorBlock$IterationContext.accept(IteratorBlock.java:194)
	at freemarker.core.Environment.visitIteratorBlock(Environment.java:572)
	at freemarker.core.IteratorBlock.acceptWithResult(IteratorBlock.java:78)
	at freemarker.core.IteratorBlock.accept(IteratorBlock.java:64)
	at freemarker.core.Environment.visit(Environment.java:324)
	at freemarker.core.MixedContent.accept(MixedContent.java:54)
	at freemarker.core.Environment.visit(Environment.java:324)
	at freemarker.core.Environment.process(Environment.java:302)
	at freemarker.template.Template.process(Template.java:325)
	at com.relevantcodes.extentreports.HTMLReporter.flush(HTMLReporter.java:173)
	at com.relevantcodes.extentreports.Report.flush(Report.java:468)
	at com.relevantcodes.extentreports.ExtentReports.flush(ExtentReports.java:900)
	at com.qa.ExtentReportListener.ExtentReporterNG.generateReport(ExtentReporterNG.java:52)
	at org.testng.TestNG.generateReports(TestNG.java:1127)
	at org.testng.TestNG.run(TestNG.java:1065)
	at org.testng.remote.AbstractRemoteTestNG.run(AbstractRemoteTestNG.java:115)
	at org.testng.remote.RemoteTestNG.initAndRun(RemoteTestNG.java:251)
	at org.testng.remote.RemoteTestNG.main(RemoteTestNG.java:77)
2022-09-01 11:07:57,966 DEBUG [main] cache:45 - Couldn't find template in cache for "Extent.ftl"("en_US", UTF-8, parsed); will try to load it.
2022-09-01 11:07:57,966 DEBUG [main] cache:45 - TemplateLoader.findTemplateSource("Extent_en_US.ftl"): Not found
2022-09-01 11:07:57,967 DEBUG [main] cache:45 - TemplateLoader.findTemplateSource("Extent_en.ftl"): Not found
2022-09-01 11:07:57,967 DEBUG [main] cache:45 - TemplateLoader.findTemplateSource("Extent.ftl"): Found
2022-09-01 11:07:57,968 DEBUG [main] cache:45 - Loading template for "Extent.ftl"("en_US", UTF-8, parsed) from "jar:file:/C:/Users/rabn/.m2/repository/com/relevantcodes/extentreports/2.41.2/extentreports-2.41.2.jar!/com/relevantcodes/extentreports/view/Extent.ftl"
2022-09-01 11:07:57,983 ERROR [main] runtime:60 - Error executing FreeMarker template
FreeMarker template error:
The following has evaluated to null or missing:
==> report.systemInfoMap[info]  [in template "Extent.ftl" at line 193, column 95]

----
Tip: It's the final [] step that caused this error, not those before it.
----
Tip: If the failing expression is known to be legally refer to something that's sometimes null or missing, either specify a default value like myOptionalVar!myDefault, or use <#if myOptionalVar??>when-present<#else>when-missing</#if>. (These only cover the last step of the expression; to cover the whole expression, use parenthesis: (myOptionalVar.foo)!myDefault, (myOptionalVar.foo)??
----
----
FTL stack trace ("~" means nesting-related):
	- Failed at: ${report.systemInfoMap[info]}  [in template "Extent.ftl" at line 193, column 93]

----
Java stack trace (for programmers):
----
freemarker.core.InvalidReferenceException: [... Exception message was already printed; see it above ...]
	at freemarker.core.InvalidReferenceException.getInstance(InvalidReferenceException.java:131)
	at freemarker.core.EvalUtil.coerceModelToString(EvalUtil.java:355)
	at freemarker.core.Expression.evalAndCoerceToString(Expression.java:82)
	at freemarker.core.DollarVariable.accept(DollarVariable.java:41)
	at freemarker.core.Environment.visit(Environment.java:324)
	at freemarker.core.MixedContent.accept(MixedContent.java:54)
	at freemarker.core.Environment.visitByHiddingParent(Environment.java:345)
	at freemarker.core.IteratorBlock$IterationContext.executeNestedBlockInner(IteratorBlock.java:240)
	at freemarker.core.IteratorBlock$IterationContext.executeNestedBlock(IteratorBlock.java:220)
	at freemarker.core.IteratorBlock$IterationContext.accept(IteratorBlock.java:194)
	at freemarker.core.Environment.visitIteratorBlock(Environment.java:572)
	at freemarker.core.IteratorBlock.acceptWithResult(IteratorBlock.java:78)
	at freemarker.core.IteratorBlock.accept(IteratorBlock.java:64)
	at freemarker.core.Environment.visit(Environment.java:324)
	at freemarker.core.MixedContent.accept(MixedContent.java:54)
	at freemarker.core.Environment.visit(Environment.java:324)
	at freemarker.core.Environment.process(Environment.java:302)
	at freemarker.template.Template.process(Template.java:325)
	at com.relevantcodes.extentreports.HTMLReporter.flush(HTMLReporter.java:173)
	at com.relevantcodes.extentreports.Report.flush(Report.java:468)
	at com.relevantcodes.extentreports.ExtentReports.flush(ExtentReports.java:900)
	at com.relevantcodes.extentreports.Report.terminate(Report.java:435)
	at com.relevantcodes.extentreports.ExtentReports.close(ExtentReports.java:917)
	at com.qa.ExtentReportListener.ExtentReporterNG.generateReport(ExtentReporterNG.java:53)
	at org.testng.TestNG.generateReports(TestNG.java:1127)
	at org.testng.TestNG.run(TestNG.java:1065)
	at org.testng.remote.AbstractRemoteTestNG.run(AbstractRemoteTestNG.java:115)
	at org.testng.remote.RemoteTestNG.initAndRun(RemoteTestNG.java:251)
	at org.testng.remote.RemoteTestNG.main(RemoteTestNG.java:77)
